<?xml version="1.0" encoding="UTF-8"?>
<testsuite name="com.ponomarevss.myweatherapp.ExampleUnitTest" tests="1" skipped="0" failures="0" errors="0" timestamp="2020-06-12T11:10:35" hostname="DESKTOP-S2VLBOP" time="0.002">
  <properties/>
  <testcase name="addition_isCorrect" classname="com.ponomarevss.myweatherapp.ExampleUnitTest" time="0.002"/>
  <system-out><![CDATA[]]></system-out>
  <system-err><![CDATA[]]></system-err>
</testsuite>
